[16:17:56] <okipoki> better than explosions and fire
[16:18:14] <Mahjong> yeah that's all my studio smells like now and I haven't smoked any yet
[16:18:43] <okipoki> your child porn studio or...
[16:18:48] <okipoki> ...what kind of studio
[16:22:18] *** Joins: pi-hole (~pi-hole@pi-hole.tk)
[16:22:24] <pi-hole> hi
[16:23:43] <okipoki> fuck off cholby
[16:23:50] <pi-hole> fuck you
[16:23:57] <pi-hole> fuck you you fucking niggerfaggot!
[16:24:00] * pi-hole slaps her pussy for FREEDOM!
[16:24:04] <okipoki> here we go...
[16:24:08] <pi-hole> CHOLBY RULES!
[16:24:16] <okipoki> gtfo you failure
[16:24:25] <pi-hole> fuck you fbi i know you're watching me!
[16:24:27] <pi-hole> fuck you!
[16:24:32] <pi-hole> nigger nigger nigger nigger nigger nigger nigger nigger nigger nigger nigger nigger nigger nigger nigger nigger nigger 
[16:24:34] <pi-hole> nigger nigger nigger nigger nigger nigger 
[16:24:36] <pi-hole> nigger nigger nigger nigger nigger nigger nigger nigger nigger nigger nigger nigger nigger nigger nigger nigger nigger nigger nigger nigger nigger nigger nigger nigger nigger nigger nigger nigger nigger nigger nigger nigger nigger nigger nigger 
[16:24:38] <pi-hole> nigger nigger nigger nigger nigger nigger nigger nigger nigger nigger 
[16:24:41] <pi-hole> nigger nigger nigger nigger nigger nigger nigger nigger nigger nigger nigger nigger nigger nigger nigger nigger nigger nigger nigger nigger nigger nigger nigger nigger nigger nigger nigger nigger nigger nigger nigger nigger 
[16:24:44] <pi-hole> nigger nigger nigger nigger nigger nigger nigger nigger nigger nigger nigger nigger nigger nigger nigger nigger nigger nigger nigger nigger nigger nigger nigger nigger nigger nigger nigger nigger nigger nigger nigger nigger nigger nigger nigger nigger 
[16:24:46] <pi-hole> nigger nigger nigger nigger nigger nigger nigger nigger nigger nigger nigger nigger nigger nigger nigger nigger nigger nigger nigger nigger nigger nigger nigger nigger nigger nigger nigger nigger nigger nigger nigger nigger nigger nigger nigger nigger nigger 
[16:24:48] <pi-hole> nigger nigger nigger nigger nigger nigger nigger nigger nigger 
[16:24:48] <pi-hole> nigger 
[16:24:50] <pi-hole> nigger nigger nigger nigger nigger nigger nigger nigger nigger nigger nigger nigger nigger nigger nigger nigger nigger nigger nigger nigger nigger nigger nigger nigger nigger nigger 
[16:24:52] <pi-hole> nigger nigger nigger nigger nigger nigger nigger nigger nigger nigger nigger nigger nigger nigger nigger nigger nigger nigger nigger nigger nigger nigger nigger nigger nigger nigger nigger nigger nigger nigger nigger nigger 
[16:24:55] <pi-hole> nigger nigger nigger nigger nigger nigger nigger nigger nigger nigger nigger nigger nigger nigger nigger nigger nigger nigger nigger nigger nigger nigger nigger nigger nigger nigger nigger 
[16:24:58] <RayFlower> combobreaker
[16:24:58] <pi-hole> nigger nigger nigger nigger nigger nigger nigger nigger nigger nigger nigger nigger nigger nigger nigger nigger nigger nigger nigger nigger nigger nigger nigger nigger nigger nigger nigger nigger nigger nigger nigger nigger nigger nigger nigger nigger nigger nigger nigger nigger nigger nigger nigger nigger nigger nigger nigger nigger nigger nigger nigger nigger nigger nigger nigger nigger nigger nigger nigger nigger nigger nigger nigger nigger nigger 
[16:25:05] <pi-hole> nigger nigger nigger nigger nigger nigger nigger nigger nigger nigger nigger nigger nigger 
[16:25:15] <pi-hole> niggerbreaker
[16:25:31] *** Quits: pi-hole (~pi-hole@pi-hole.tk) (Killed (Sigyn (Spam is off topic on freenode.)))
[16:25:34] <RayFlower> Those would make great hiphop lyrics
[16:25:50] <polyzium> What the fuck
[16:25:58] <okipoki> that's just cholby again
[16:26:09] <polyzium> Oh that weird irc insult guy
[16:26:16] <okipoki> failed alcoholic helicopter pilot
[16:26:28] <okipoki> never hides in plain sight to mock freenode staff ever
[16:26:31] <okipoki> i hate that guy cholby
[16:26:50] <polyzium> He should be banned from freenode as in whole tbh
[16:27:17] *** Quits: Viscid (Viscid@fscience.net) (Ping timeout: 245 seconds)
[16:27:35] <okipoki> i agree
[16:27:48] <okipoki> cholby should be banned from freenode as in whole tbh
[16:28:01] <okipoki> well said