**** BEGIN LOGGING AT Sun Jan  6 19:50:02 2019

[shunfun has address ~shunfun@103.16.27.81]
Jan 06 19:50:02 <shunfun>	fuck you
Jan 06 19:50:04 <shunfun>	fuck you
Jan 06 19:50:06 -shunfun-	fuck you
Jan 06 19:50:06 <shunfun>	fuck you
Jan 06 19:50:08 -shunfun-	fuck you
Jan 06 19:50:08 <shunfun>	fuck you
Jan 06 19:50:10 -shunfun-	fuck you
Jan 06 19:50:10 <shunfun>	fuck you
Jan 06 19:50:12 -shunfun-	fuck you
Jan 06 19:50:12 <shunfun>	fuck you
Jan 06 19:50:14 -shunfun-	fuck you
Jan 06 19:50:15 <shunfun>	fuck you
Jan 06 19:50:17 -shunfun-	fuck you
Jan 06 19:50:21 <shunfun>	fuck you
Jan 06 19:50:23 -shunfun-	fuck you
Jan 06 19:50:27 <shunfun>	fuck you
Jan 06 19:50:29 -shunfun-	fuck you
Jan 06 19:50:31 <shunfun>	fuck you
Jan 06 19:50:33 -shunfun-	fuck you
Jan 06 19:50:35 <shunfun>	fuck you
Jan 06 19:50:37 -shunfun-	fuck you
Jan 06 19:50:39 <shunfun>	fuck you
Jan 06 19:50:41 -shunfun-	fuck you
Jan 06 19:50:43 <shunfun>	fuck you
Jan 06 19:50:45 -shunfun-	fuck you
Jan 06 19:50:47 <shunfun>	fuck you
Jan 06 19:50:49 -shunfun-	fuck you
Jan 06 19:50:51 <shunfun>	fuck you
Jan 06 19:50:53 -shunfun-	fuck you
Jan 06 19:50:55 <shunfun>	fuck you
Jan 06 19:50:59 -shunfun-	fuck you
Jan 06 19:51:01 <shunfun>	fuck you
Jan 06 19:51:03 -shunfun-	fuck you
Jan 06 19:51:05 <shunfun>	fuck you
Jan 06 19:51:07 -shunfun-	fuck you
Jan 06 19:51:09 <shunfun>	fuck you
Jan 06 19:51:11 -shunfun-	fuck you
Jan 06 19:51:13 <shunfun>	fuck you
Jan 06 19:51:15 -shunfun-	fuck you
Jan 06 19:51:17 <shunfun>	fuck you
Jan 06 19:51:19 -shunfun-	fuck you
Jan 06 19:51:21 <shunfun>	fuck you
Jan 06 19:51:23 -shunfun-	fuck you
Jan 06 19:51:27 <shunfun>	fuck you
Jan 06 19:51:29 -shunfun-	fuck you
Jan 06 19:51:31 <shunfun>	fuck you
Jan 06 19:51:33 <Taco>	ok you can stop now
Jan 06 19:51:35 -shunfun-	fuck you
Jan 06 19:51:37 <shunfun>	fuck you
Jan 06 19:51:41 -shunfun-	fuck you
Jan 06 19:51:42 *	Taco sets mode +g on Taco
Jan 06 19:51:43 *	shunfun ~shunfun@103.16.27.81 :is messaging you, and you have umode +g.
Jan 06 19:52:45 *	shunfun ~shunfun@103.16.27.81 :is messaging you, and you have umode +g.
Jan 06 19:53:47 *	shunfun ~shunfun@103.16.27.81 :is messaging you, and you have umode +g.
Jan 06 19:54:51 *	shunfun ~shunfun@103.16.27.81 :is messaging you, and you have umode +g.
Jan 06 19:55:12 *	shunfun has quit (Quit: Leaving)
