[00:11:20] <lightflow> well stop saying nigger then u stupid nigger
[00:11:35] <kaiser2> lol whoa there
[00:11:38] <kaiser2> dont say that
[00:11:39] <DetectiveTaco> LOL
[00:11:42] <kaiser2> you;; get klined
[00:11:45] <kaiser2> so just chill
[00:11:48] <kaiser2> you'll*
[00:12:01] <DetectiveTaco> ME And kaiser are former klinees
[00:12:06] <kaiser2> kekk
[00:12:15] <kaiser2> is that drama with el still going on?
[00:12:19] <lightflow> hey when people get married and have a kid
[00:12:29] <kaiser2> is el still spying on us
[00:12:35] <lightflow> how does the woman know the man doesn't immediately start fingering the baby as soon as she leaves the house?
[00:12:39] <lightflow> like, how would she know?
[00:12:44] <lightflow> you can never REALLY know anybody
[00:12:47] <yuriwho> teenage wasteland
[00:12:51] <kaiser2> ##llamas Cannot join channel (+r) - you need to be identified with services
[00:12:53] <kaiser2> lmfaooooooooo
[00:13:17] <kaiser2> lightflow: you will get k-lined, chill
[00:13:23] <lightflow> k
[00:13:31] <lightflow> that was the one real laugh i had today though
[00:13:47] <kaiser2> it wont be my hand or anything, im just warning you cause theres a SJW OP spy somewhere around these parts
[00:13:58] <DetectiveTaco> mquin
[00:14:02] <lightflow> oh they know the great cholby cannot be klined or silenced
[00:14:04] *** Joins: permafleek (~mkurma@2601:1c1:c201:4f70:f0f3:7cf:4dae:fb14)
[00:14:07] * lightflow slaps her pussy for FREEDOM OF SPEECH!
[00:14:09] <lightflow> CHOLBY RULES!
[00:14:10] <kaiser2> cholby? is that you?
[00:14:13] <kaiser2> ITS CHOLBY
[00:14:14] <kaiser2> LMFAOOOOOOOOOOO
[00:14:14] <lightflow> I HAVE INFINITY IPS
[00:14:17] <yuriwho> lightflow: you seem like cholby to me
[00:14:47] <lightflow> i can appear as literally any type of irc user. i have mastered the fingerprint. when they catch me it's because i'm lazy
[00:15:46] <yuriwho> How about "MrBotnetPutinArmy" as a nick
[00:15:51] <Monopoly> Crude.
[00:16:04] <lightflow> what's crude?