[2018-07-24 12:37:28] <gaufres> oh look, my "safe" channel where i'm safe from gaslighting
[2018-07-24 12:37:38] <gaufres> fuck you i will fucking go ballistic today at the slightest gaslighting bullshit
[2018-07-24 12:38:00] <gaufres> and not self-destructive, i mean i will fucking do shit that will force you guys to arrest me and i mean
[2018-07-24 12:38:04] <gaufres> phone calls voice mails
[2018-07-24 12:38:10] <gaufres> i'll cause as much chaos as possible
[2018-07-24 12:38:15] <gaufres> if you gaslight me today
[2018-07-24 12:38:17] <gaufres> you fucking assholes
[2018-07-24 12:38:26] <gaufres> i'll cause as much chaos as possible
[2018-07-24 12:38:27] <gaufres> if you gaslight me today
[2018-07-24 12:38:27] <gaufres> you fucking assholes
[2018-07-24 12:38:28] <gaufres> i'll cause as much chaos as possible
[2018-07-24 12:38:29] <gaufres> if you gaslight me today
[2018-07-24 12:38:29] <gaufres> you fucking assholes
[2018-07-24 12:38:30] <gaufres> i'll cause as much chaos as possible
[2018-07-24 12:38:31] <gaufres> if you gaslight me today
[2018-07-24 12:38:31] <gaufres> you fucking assholes
[2018-07-24 12:38:33] <gaufres> i'll cause as much chaos as possible
[2018-07-24 12:38:33] <gaufres> if you gaslight me today
[2018-07-24 12:38:34] * Mahjong kick gaufres
[2018-07-24 12:38:42] <Mahjong> you are the weakest link, goodbye
