[01:23:31] <ibowman> yea but serial killers aren't perfect people
[01:23:49] <LooCfur> ibowman, lol.
[01:24:05] <ibowman> i could create an international incident right this second but i choose not to do so because you guys are going to apologize right now
[01:24:13] <ibowman> in the next sline
[01:24:14] <ibowman> line
[01:24:17] <ibowman> g
[01:24:18] <ibowman> o
[01:24:18] <ibowman> go
[01:24:23] <uptime> bad cholby
[01:24:29] *** Joins: karakedi
[01:24:30] *** Quits: karakedi
[01:24:30] *** Joins: karakedi
[01:24:42] <dung> i knew #help would be interesting
[01:24:44] <ibowman> <3 i love you uptime
[01:24:57] <LooCfur> I thought cholby died or something
[01:25:03] <duckgoose> dung: you want some general chat suggestions?
[01:25:05] <ibowman> I'LL TELL ON YOU GUYS ON THE RUSSIANS AND CHINESE AND STUFF
[01:25:11] <duckgoose> ##chat ##defocus ##chats
[01:25:21] <ibowman> IF YOU DON'T LET ME PROCRASTINATE
[01:25:22] <dung> duckgoose: actually, yeah
[01:26:02] *** Quits: akosednar
[01:26:10] <dung> duckgoose: thanks :(
[01:26:13] <dung> er :)
[01:26:26] <ibowman> I'M PRETTY SURE I'M NOT A HOMOSEXUAL AND I'M STRESSED OUT ALL THE TIME THAT YOU GUYS YELL AT ME TO STOP BEING A CHICKEN BECAUSE YOU THINK MAYBE THAT WOULD HELP ME
[01:26:35] *** Joins: ELQEYNN
[01:26:46] <LooCfur> can you not use capslock please?
[01:26:51] <uptime> who calls you a chicken?
[01:27:01] <ibowman> but that IS fucked up. I LOVED Sammy. the guy at the AA meeting at the airport was wrong
[01:27:19] <zhangsan> I want to know if anyone is willing to take the time to add a freerdp_assistance_encrypt2 function in the assistance.c file to encrypt connectionstring2, which is the opposite function of freerdp_assistance_decrypt2. I tried it, but it failed. I am not familiar with Openssl encryption and decryption.
[01:27:30] <ibowman> i loved Sammy so much, but you guys kept giving me evidence that she was a complete fucking slave
[01:27:40] <ibowman> yeah.
[01:27:42] <ibowman> fuck you guys
[01:27:43] <thumbs> zhangsan: what is freerfdp?
[01:27:44] <ibowman> i hate you guys
[01:27:46] <ibowman> i remember everything
[01:27:55] <ibowman> you guys owe me money and leaving me the fuck alone
[01:28:01] <LooCfur> who is sammy, what are you even talking about
[01:28:09] <thumbs> LooCfur: no one important.
[01:28:18] <ibowman> i'm going to commit suicide
[01:28:22] <ibowman> i don't want to be here anymore
[01:28:24] <thumbs> hello cholby.
[01:28:31] <ibowman> hi Karellin
[01:28:37] <ibowman> what do you want?
[01:28:45] <ibowman> other than a post-truth society?
[01:29:12] <ibowman> we have the rest of my life to discuss, however, I am the one in control of that duration
[01:29:21] <ibowman> and I want to cut it short, because i hate you
[01:29:28] <ibowman> so make me change my opinion
[01:29:33] <ibowman> if you are, in fact, God
[01:29:40] <zhangsan> thumbs: I may not understand your question.
[01:29:52] <ibowman> you understand perfectly, and i hate liars
[01:30:01] <ibowman> do it now
[01:30:05] <ibowman> i can die tonight
[01:30:32] <duckgoose> ibowman: 1-800-273-8255
[01:30:35] <ibowman> i'm fed up with you
[01:31:25] <ELQEYNN> duckgoose what's at that phone number?
[01:31:53] <duckgoose> National Suicide Prevention Lifeline
[01:31:59] <duckgoose> Available 24 hours everyday
[01:32:13] <ibowman> what's the phone number to the Russians or Chinese
[01:32:17] *** Joins: akosednar
[01:32:18] *** Quits: akosednar
[01:32:18] *** Joins: akosednar
[01:32:28] <ibowman> I think I have enough information into scaring them into nuking the United States
[01:32:33] <ibowman> and I want to do it
[01:32:44] <ibowman> would you assholes like to try to change my opinion
[01:32:48] <ibowman> or continue to gaslight me
[01:32:58] <ibowman> all day, every day, at work, and elsewhere?
[01:33:00] <ibowman> just wondering?
[01:33:04] <ibowman> i don't give a shit
[01:33:08] <ibowman> it's up to you guys
[01:33:09] <ibowman> what i do
[01:33:15] <ibowman> do you fucking idiots  understand?
[01:33:24] <ibowman> I'm smart, so i assume the answer is no
[01:33:30] <ibowman> so i will call them both tomorrow
[01:33:34] <ibowman> and i will commit suicide
[01:33:41] *** Quits: mowcat
[01:33:47] <LooCfur> ibowman, where did the word gaslight come from?
[01:33:49] <ibowman> and that is what the united states deserves to suffer, because of mkultra (the torture of babies and children)
[01:33:50] <ibowman> and that is what the united states deserves to suffer, because of mkultra (the torture of babies and children)
[01:33:51] <ibowman> and that is what the united states deserves to suffer, because of mkultra (the torture of babies and children)
[01:33:51] <ibowman> and that is what the united states deserves to suffer, because of mkultra (the torture of babies and children)
[01:33:52] <ibowman> and that is what the united states deserves to suffer, because of mkultra (the torture of babies and children)
[01:33:52] <ibowman> and that is what the united states deserves to suffer, because of mkultra (the torture of babies and children)
[01:33:52] <ibowman> and that is what the united states deserves to suffer, because of mkultra (the torture of babies and children)
[01:33:52] <ibowman> and that is what the united states deserves to suffer, because of mkultra (the torture of babies and children)
[01:33:52] *** Quits: ibowman