Jan 10 00:48:27 *	luavr (~luavr@213.152.161.138) has joined
Jan 10 00:49:13 *	policecone gives voice to luavr
Jan 10 00:49:25 *	wodencafephone (~wodencafe@mobile-166-137-216-182.mycingular.net) has joined
Jan 10 00:49:25 *	ChanServ gives voice to wodencafephone
Jan 10 01:02:02 *	robijkn (~6ca1115e@72.50.196.72) has joined
Jan 10 01:02:48 *	policecone gives voice to robijkn
Jan 10 01:04:54 *	Monopoly (~Monopoly@203.221.191.66) has joined
Jan 10 01:04:54 *	ChanServ gives voice to Monopoly
Jan 10 01:05:14 <Monopoly>	mornin'
Jan 10 01:05:43 *	luavr slaps her pussy
Jan 10 01:05:46 <luavr>	mornin'
Jan 10 01:05:49 <letty>	howdy
Jan 10 01:06:07 <Monopoly>	hi letty :)
Jan 10 01:15:48 *	NotASandwich (~NotASandw@ip-217-103-164-6.ip.prioritytelecom.net) has joined
Jan 10 01:16:34 *	policecone gives voice to NotASandwich
Jan 10 01:18:55 *	NotASandwich has quit (Read error: Connection reset by peer)
Jan 10 01:19:20 <Monopoly>	how are you letty ?
Jan 10 01:19:51 <letty>	ambivalent
Jan 10 01:22:16 <luavr>	whelp, off to bed goodnight
Jan 10 01:22:24 *	luavr slaps her pussy for SOBRIETY!
Jan 10 01:22:31 <luavr>	CHOLBY RULES
Jan 10 01:22:32 *	luavr slaps her pussy for SOBRIETY!
Jan 10 01:22:32 <luavr>	CHOLBY RULES
Jan 10 01:22:33 *	luavr slaps her pussy for SOBRIETY!
Jan 10 01:22:33 <luavr>	CHOLBY RULES
Jan 10 01:22:34 *	luavr slaps her pussy for SOBRIETY!
Jan 10 01:22:34 <luavr>	CHOLBY RULES
Jan 10 01:22:36 *	luavr slaps her pussy for SOBRIETY!
Jan 10 01:22:38 <luavr>	CHOLBY RULES
Jan 10 01:22:40 *	luavr slaps her pussy for SOBRIETY!
Jan 10 01:22:42 <luavr>	CHOLBY RULES
Jan 10 01:22:44 *	luavr slaps her pussy for SOBRIETY!
Jan 10 01:22:44 *	ChanServ removes voice from luavr
Jan 10 01:22:49 *	luavr has quit (Remote host closed the connection)
