[2018-07-23 01:29:17] * hostbrz (~hostbrz@104-176-36-170.lightspeed.frokca.sbcglobal.net) join
[2018-07-23 01:29:23] <hostbrz> hi there
[2018-07-23 01:29:35] <hostbrz> you fucking stupid nigger CIA spooks and FBI assassins
[2018-07-23 01:29:38] <hostbrz> how's it going?
[2018-07-23 01:29:39] <hostbrz> want to play?
[2018-07-23 01:29:47] <wodencafe> wow cholby
[2018-07-23 01:29:47] <bannon3001> wodencafe: 2018-07-21 - 16:11:56 <Mahjong> tell wodencafe you should ask #openttd over at OFTC btw about signals and stuff, they still confused the hell out of me so I keep stuff *relatively* simple
[2018-07-23 01:29:49] <wodencafe> good work
[2018-07-23 01:30:03] <wodencafe> Hey thanks Mahjong
[2018-07-23 01:30:11] <hostbrz> lol, my work has been flawless and yours has been embarrassingly incompetent
[2018-07-23 01:30:16] <hostbrz> FBI agent wodencafe
[2018-07-23 01:30:22] <hostbrz> care to try again?
[2018-07-23 01:30:28] <hostbrz> try this, "how are you today Mr. Colby?"
[2018-07-23 01:30:31] <Tefad> congratulations
[2018-07-23 01:30:38] <Tefad> wait how many of you fuckers play openttd?
[2018-07-23 01:30:41] <hostbrz> you fucking piece of shit war criminal or drone
[2018-07-23 01:30:43] <hostbrz> you fucking piece of shit war criminal or drone
[2018-07-23 01:30:46] <hostbrz> you fucking piece of shit war criminal or drone
[2018-07-23 01:30:58] <hostbrz> here's what's so amazing about me. i called your bluff
[2018-07-23 01:31:00] <hostbrz> so kill me
[2018-07-23 01:31:02] <hostbrz> so fucking kill me
[2018-07-23 01:31:04] <hostbrz> i want to die
[2018-07-23 01:31:07] <hostbrz> i fucking won
[2018-07-23 01:31:13] <hostbrz> and i still want to die
[2018-07-23 01:31:17] <hostbrz> i STILL want to die
[2018-07-23 01:31:18] <Tefad> hostbrz: you are not using TempleOS
[2018-07-23 01:31:22] <hostbrz> are you FBI fucktards
[2018-07-23 01:31:23] <Tefad> you're going to hell
[2018-07-23 01:31:24] <hostbrz> that fucking stupid
[2018-07-23 01:31:29] <hostbrz> are you fucktards that fucking bad
[2018-07-23 01:31:34] <hostbrz> i STILL want to die
[2018-07-23 01:31:41] <hostbrz> if i ever have a gun in my hand ever
[2018-07-23 01:31:45] <Tefad> sounds like a personal problem
[2018-07-23 01:31:47] <Tefad> however
[2018-07-23 01:31:49] <hostbrz> calculate a 50% probability i commit suicide
[2018-07-23 01:31:51] <hostbrz> you fucking morons
[2018-07-23 01:32:01] <hostbrz> MKULTRA
[2018-07-23 01:32:09] <hostbrz> MKULTRA IS NOT, WAS NOT, WILL NEVER BE A PERSONAL PROBLEM
[2018-07-23 01:32:17] <hostbrz> IT WILL BE A DISGRACE ON THE UNITED STATES
[2018-07-23 01:32:18] <hostbrz> FOR ALL TIME
[2018-07-23 01:32:25] <hostbrz> AND I'LL MAKE SURE THAT MARK IS VISIBLE FOREVER
[2018-07-23 01:32:26] <Tefad> however, if you are serious about killing yourself, please call 1-800-273-8255
[2018-07-23 01:32:28] <hostbrz> you fucking monsters
[2018-07-23 01:40:27] <chainsol> Mahjong: https://www.youtube.com/channel/UCafxR2HWJRmMfSdyZXvZMTw
[2018-07-23 01:40:28] <bannon3001> [ LOOK MUM NO COMPUTER - YouTube ] - www.youtube.com
[2018-07-23 01:40:35] <chainsol> Mahjong: you might like this guy's videos
[2018-07-23 01:41:22] * hostbrz action slaps her pussy
[2018-07-23 01:44:25] <hostbrz> I'm going to do as much damage as i can
[2018-07-23 01:50:46] <Roserin> :(
[2018-07-23 01:59:25] <hostbrz> hey FBI
[2018-07-23 01:59:33] <hostbrz> how are you all doing?
[2018-07-23 01:59:52] <hostbrz> I sincerely hope you guys are having a nice day and your work is not unmanageable
[2018-07-23 02:04:01] * BitShack (~BitShack@unaffiliated/bitshack) join
[2018-07-23 02:06:47] * hostbrz (~hostbrz@104-176-36-170.lightspeed.frokca.sbcglobal.net) part "hostbrz"
