[00:32:01] vextan (vextan!~vextan@195.206.105.203) has joined the channel.
[00:32:55]<Taco>hahaha
[00:39:54]<vextan>hahaha
[00:40:00]<CeilingCat>・゜゜・ ​ 。。・゜゜\​_ó< FLAP FL​AP!
[00:40:07]<vextan>.lol
[00:40:24]<Roserin>.bef
[00:40:24]<CeilingCat>Roserin you befriended a duck in 24.903 seconds! You have made friends with 7 ducks in ##chats.
[00:45:44]<vextan>Taco
[00:45:55]<vextan>Mahjong is talking shit about you on mumble server m.haxed.net
[00:48:28]<vextan>yuriwho
[00:49:13]<Taco>cholby?
[00:49:16]<vextan>Mahjong is saying that yuriwho and Taco are enormous niggers who sample Aztec03's anal leakage
[00:49:34]<vextan>because chainsol and cyberlard are fbi agents like uptime and metanova
[00:49:46]<vextan>i'm going to masturbate to child porn fuck you
[00:50:05]<vextan>17 year olds from Vatican City
[00:50:06]<vextan>fuck you
[00:50:16]<Aztec03>ay
[00:50:16]<CeilingCat>taco sent you a message 5 hours and 39 minutes ago: hi
[00:50:21]<Aztec03>ayyy
[00:50:22] ChanServ has set mode: +o Taco
[00:50:24]<CeilingCat>・゜゜・。。・゜ ​ ゜\​_ø< quack​!
[00:50:25]<vextan>i can't feel my face
[00:50:29]<Taco>.bef
[00:50:30]<CeilingCat>Taco you befriended a duck in 5.605 seconds! You have made friends with 26 ducks in ##chats.
[00:50:30]<vextan>.bang
[00:50:30]<CeilingCat>(vextan) There is no duck! What are you shooting at?
[00:50:31]<BitShack>Hi Aztec03
[00:50:35]<Aztec03>you got an extra tums?
[00:50:40]<vextan>somebody shit directly into my mouth immediately, no delay
[00:50:44]<Taco>vextan: wtf dude
[00:50:45]<Aztec03>my acid reflux is on fiiiiiire
[00:50:47] Hotdog_Princess (Hotdog_Princess!uid257438@gateway/web/irccloud.com/x-rvusiggxjobzhsxk) has joined the channel.
[00:51:05]<Hotdog_Princess>test
[00:51:16]<vextan>I was supposed to be a helicopter pilot despite MKULTRA but then you guys fucked me over by giving me too much money and latitude
[00:51:27]<Aztec03><3
[00:51:27]<Hotdog_Princess><3 vextan 
[00:51:30]<vextan>jk whatever
[00:51:33]<Taco>MetaNova: lol
[00:51:38]<vextan><3 dog
[00:51:44]<Aztec03>bro, join us on the discord
[00:52:02]<vextan>this retaliation is half-hearted but common guys you can't fuck with me at work, please
[00:52:11]<vextan>holy shit, the monotony will get to me with the crushing weight of time
[00:52:14]<dp>vextan, You want to leave my /q alone?
[00:52:20]<BitShack>.
[00:52:26]<vextan>i don't need assistance feeling bad
[00:52:34]<yuriwho>Aztec03: what discord?
[00:52:35]<dp>Stop spamming me you fool
[00:52:44]<vextan>stop gaslighting me FBI
[00:52:45]<vextan>i'm so angry with you guys
[00:53:02]<vextan>sort of, i'm drunk right now so it's cool i guess