[17:10:03] <okipoki> i'm going to trick a female human into marrying and reproducing with me
[17:10:15] <okipoki> and then i'm going to rape and murder my first child the second it's born and then murder my wife
[17:10:20] <okipoki> that's a promise
[17:10:24] <okipoki> i swear to God
[17:10:25] *** Parts: okipoki (sid312050@gateway/web/irccloud.com/x-nqucxtntybdsodht) ()
[17:11:41] <polyzium> What the fuck
[17:12:19] <Mahjong> fucking cholby...
[17:12:32] <Mahjong> if he wants to do that kinda satire he's much better off somewhere else, although personally I love that kinda stuff too
[17:12:35] <Mahjong> (not the spam parts)
[17:12:52] <polyzium> But he acted fine until that happened
[17:12:59] <polyzium> And he asked do I suck cocks
[17:13:03] <polyzium> Like wtf
[17:13:04] <Mahjong> it's much easier to understand in voice instead of text
[17:13:13] <Mahjong> the whole satire aspect of it
[17:13:14] <polyzium> It is lol
[17:13:25] <Mahjong> anyway he's an alcoholic
[17:13:32] <Mahjong> so he's kinda erratic
[17:13:44] <polyzium> I see
[17:13:49] <polyzium> Tbh never heard of him before
[17:14:11] *** Joins: gayjong (32f5b006@gateway/web/freenode/ip.50.245.176.6)
[17:14:14] <gayjong> HEY FAGGOTS
[17:14:19] * gayjong slaps her pussy for FREEDOM!
[17:14:20] <gayjong> CHOLBY RULES
[17:14:27] <gayjong> SLAP YOUR PUSSIES FOR FREEDOM ERRYBODY!
[17:14:28] *** Joins: chris27plus1 (~chris27pl@adsl-120.109.242.99.tellas.gr)
[17:14:31] <gayjong> CHOLBY CANNOT BE KLINED!
[17:14:36] <gayjong> I AM INVINCIBLE! I AM A GOD
[17:14:40] <gayjong> I AM GOD
[17:14:44] <gayjong> LITERALLY
[17:14:49] <gayjong> EVERYBODY SUCK MY DICK!
[17:14:54] *** ChanServ sets mode: +o Mahjong
[17:15:00] *** Parts: gayjong (32f5b006@gateway/web/freenode/ip.50.245.176.6) ()
[17:15:03] <RayFlower> lol
[17:15:06] <Mahjong> lol
[17:15:10] <RayFlower> That didn't take him long
[17:15:20] *** Joins: too_fast_4_u (32f5b006@gateway/web/freenode/ip.50.245.176.6)
[17:15:26] <too_fast_4_u> NICE BAN DUMBASS
[17:15:28] *** Mahjong sets mode: +b *!*@gateway/web/freenode/ip.50.245.176.6
[17:15:34] *** too_fast_4_u was kicked by Mahjong (too_fast_4_u)