<Tefad_AUS> [20:20:40] Hotdog_Princess hi
<Tefad_AUS> [20:20:59] may i ping you? I'm Tefad, and i'm setting up an australian box
<Tefad_AUS> [20:21:05] and testing stuff
<Tefad_AUS> [20:21:07] CDN stuff
<Tefad_AUS> [20:21:14] have we talked before?
<ohnx> [20:21:15] Tefad_AUS: no you may not
<ohnx> [20:21:19] no
<ohnx> [20:21:22] we have not
<Tefad_AUS> [20:21:31] ohnx r u Hotdog_Princess 
<ohnx> [20:21:34] yes
<ohnx> [20:21:39] it's my alt
<Tefad_AUS> [20:21:45] cool nice to meet you
<ohnx> [20:21:57] jk
<ohnx> [20:22:02] i'm not Hotdog Princess
<ohnx> [20:22:07] i'm Cooldog Prince
<Tefad_AUS> [20:22:07] omg you faggot!
<ohnx> [20:22:21] s/Cooldog/Coolcat/
<bannon3002> [20:22:21] Correction, <ohnx> i'm Coolcat Prince
<Tefad_AUS> [20:22:21] I'm fagdog princess
<Taco> [20:24:06] HEY THATS OFFENSIVW
<Taco> [20:24:08] KLINED
<Tefad_AUS> [20:24:53] I hate niggers
<Mahjong> [20:25:44] Tefad_AUS stop with the language please, ToS
<Tefad_AUS> [20:25:52] fuck you Mahjong suck my dick
<Tefad_AUS> [20:26:01] we're all tired of your shit