[17:29:24] *** Joins: fromJapan (~fromJapan@108.61.247.120)
[17:29:38] <fromJapan> I'M FROM JAPAN!!!!!!!!!!!!!!!!!!!!!!!!!!!!!!
[17:29:39] <polyzium> Me too haha
[17:29:42] *** ChanServ sets mode: +v Viscid
[17:29:50] <fromJapan> TRACE MY IP ADDRESS IT'S TRUE I'M IN JAPAN RIGHT MEOW!!!!!!!!!!!!!!!!!!!!!!!!!!!!!!!!!!!!!!!!!!!!!!!!!!!!!!!!!!!!!!!!!!!!!!!!!!!!!
[17:29:55] <polyzium> fromJapan, nihongo kudasai
[17:30:15] <chris28> polyzium, did you have a good time here? :)
[17:30:17] <fromJapan> did i say i speak japanese you fucking bitch?
[17:30:23] <polyzium> Sure I did.
[17:30:37] <fromJapan> where is that british nigger mahjong
[17:30:41] <fromJapan> with the british accent
[17:30:42] <pinecone> They don't have a certain accent or whatever
[17:30:57] <fromJapan> i'm going to rape him to death
[17:31:04] <polyzium> fromJapan, If you are from Japan, then you should speak Japanese
[17:31:07] <chris28> fromJapan, how are you
[17:31:26] <chris28> fromJapan, welcome to #mahjong . are you new here
[17:31:28] <Tefad> nice
[17:31:30] <RayFlower> I'm big in japan
[17:31:35] <Tefad> chris28: you mean ##mahjong
[17:31:38] <RayFlower> Plus size male model
[17:31:42] <Tefad> RayFlower: quit bragging
[17:31:43] <fromJapan> i want you to hit polyzium as hard as you can, chris28
[17:32:07] <fromJapan> and Tefad, i want you to carve profanities into RayFlower's back with a knife
[17:32:08] <chris28> fromJapan, im a hippie
[17:32:15] <fromJapan> chop chop
[17:32:31] <Tefad> fromJapan: only if it's with an icepick
[17:32:34] <chris28> fromJapan, so how are you
[17:32:39] <RayFlower> I don't think your vocabulary is big enough for that.
[17:33:00] *** Mahjong sets mode: +b *!*@108.61.247.120
[17:33:00] *** fromJapan was kicked by Mahjong (fromJapan)