[2018-07-22 02:59:13] * analJesus (b84bddb3@gateway/web/freenode/ip.184.75.221.179) join
[2018-07-22 02:59:24] <analJesus> hello
[2018-07-22 02:59:34] <analJesus> mumble
[2018-07-22 03:00:29] <analJesus> mahjong
[2018-07-22 03:00:44] <analJesus> dtscode duckgoose detectivetaco
[2018-07-22 03:00:47] <analJesus> letty
[2018-07-22 03:00:53] <analJesus> polprog
[2018-07-22 03:00:58] <analJesus> poutine
[2018-07-22 03:01:08] <analJesus> tacocone
[2018-07-22 03:01:08] <tacocone>  Now, I will not quarrel with those
[2018-07-22 03:01:14] <analJesus> tacocone
[2018-07-22 03:01:15] <tacocone> : do you think you are
[2018-07-22 03:01:19] <analJesus> tacocone
[2018-07-22 03:01:19] <tacocone> : do you think would be a misfortune
[2018-07-22 03:01:22] <analJesus> tacocone
[2018-07-22 03:01:23] <tacocone>  Now, I do not comprehend your meaning
[2018-07-22 03:01:25] <analJesus> tacocone
[2018-07-22 03:01:26] <tacocone> , no no, no no no" now
[2018-07-22 03:01:28] <analJesus> tacocone
[2018-07-22 03:01:28] <tacocone>  Now, I am not
[2018-07-22 03:01:30] <analJesus> tacocone
[2018-07-22 03:01:30] <tacocone> , no no no 9/11 thing
[2018-07-22 03:01:35] <analJesus> slap your pussy for free
[2018-07-22 03:01:36] <analJesus> dom
[2018-07-22 03:01:41] <analJesus> tacocone
[2018-07-22 03:01:41] <tacocone>  consequently no no no 9/11 thing
[2018-07-22 03:01:43] <analJesus> tacocone
[2018-07-22 03:01:44] <tacocone> : do you think would be a command)
[2018-07-22 03:01:45] <analJesus> tacocone
[2018-07-22 03:01:46] <tacocone>  Now, I will not urge
[2018-07-22 03:01:47] <analJesus> tacocone
[2018-07-22 03:01:47] <tacocone> : do you like taco
[2018-07-22 03:01:48] <analJesus> tacocone
[2018-07-22 03:01:49] <tacocone>  Now, I am afraid
[2018-07-22 03:01:49] <DetectiveTaco> Wtf
[2018-07-22 03:01:50] <analJesus> tacocone
[2018-07-22 03:01:51] <tacocone> , no no, no no, no.
[2018-07-22 03:01:53] <analJesus> tacocone
[2018-07-22 03:01:54] <tacocone> , what do you mean, exactly?
[2018-07-22 03:01:55] <analJesus> tacocone
[2018-07-22 03:01:56] <tacocone>  Now, I have the confident hope
[2018-07-22 03:02:00] <analJesus> fuck you detective
[2018-07-22 03:02:02] <analJesus> nobody is here
[2018-07-22 03:02:03] <DetectiveTaco> &ignore analJesus!*@*
[2018-07-22 03:02:14] <analJesus> so i'm fucking the channel right in the ass in broad daylight
[2018-07-22 03:02:18] <DetectiveTaco> &admin ignore analJesus!*@*
[2018-07-22 03:02:18] <tacocone> DetectiveTaco: Error: The "Admin" plugin is loaded, but there is no command named "ignore" in it.  Try "list Admin" to see the commands in the "Admin" plugin.
[2018-07-22 03:02:22] <analJesus> and you're all forced to watch
[2018-07-22 03:02:29] <analJesus> tacocone
[2018-07-22 03:02:29] <tacocone> : How do you do for a living?
[2018-07-22 03:02:31] <analJesus> tacocone
[2018-07-22 03:02:31] <tacocone>  Now, I do not exactly understand you
[2018-07-22 03:02:33] <analJesus> tacocone
[2018-07-22 03:02:33] <tacocone>  Now, I will not allude
[2018-07-22 03:02:34] <analJesus> tacocone
[2018-07-22 03:02:35] <tacocone>  Now, I have not allowed myself
[2018-07-22 03:02:36] <analJesus> tacocone
[2018-07-22 03:02:36] <tacocone>  Now, I have heard the call
[2018-07-22 03:02:37] <analJesus> tacocone
[2018-07-22 03:02:38] <tacocone> : do you want  unbanned
[2018-07-22 03:02:39] <analJesus> tacocone
[2018-07-22 03:02:39] <poutine> "That Markov bot is so advanced I thought it was real" -- no one ever
[2018-07-22 03:02:40] <tacocone> , no no no reeeeeeeeeee no no no"
[2018-07-22 03:02:40] <analJesus> tacocone
[2018-07-22 03:02:41] <tacocone>  Now, I do not like it
[2018-07-22 03:02:42] <analJesus> tacocone
[2018-07-22 03:02:43] <tacocone>  Now, I am certain
[2018-07-22 03:02:44] <analJesus> tacocone
[2018-07-22 03:02:44] <tacocone> : do you want me not to it?
[2018-07-22 03:02:45] <analJesus> tacocone
[2018-07-22 03:02:46] <tacocone>  Now, I am mistaken in
[2018-07-22 03:02:46] <analJesus> tacocone
[2018-07-22 03:02:47] <analJesus> tacocone
[2018-07-22 03:02:48] <tacocone>  Now, I have no clue
[2018-07-22 03:02:49] <analJesus> tacocone
[2018-07-22 03:02:50] <analJesus> tacocone
[2018-07-22 03:02:51] <DetectiveTaco> &admin ignore add analJesus!*@*
[2018-07-22 03:02:51] <tacocone> , no no no 9/11 thing
[2018-07-22 03:02:52] <tacocone>  Now, I shall be told
[2018-07-22 03:02:52] <analJesus> tacocone
[2018-07-22 03:02:53] <tacocone> : do you want a copy of , ?
[2018-07-22 03:02:53] <analJesus> tacocone
[2018-07-22 03:02:54] <tacocone> DetectiveTaco: The operation succeeded.
[2018-07-22 03:02:55] <analJesus> tacocone
[2018-07-22 03:02:56] <analJesus> tacocone
[2018-07-22 03:02:57] <analJesus> tacocone
[2018-07-22 03:03:02] <analJesus> tacocone?
[2018-07-22 03:03:10] <DetectiveTaco> Fucking moron
[2018-07-22 03:03:16] <analJesus> ....taco ...cone?
[2018-07-22 03:03:19] <analJesus> where art thee taco cone?
[2018-07-22 03:03:45] <DetectiveTaco> gtfo
[2018-07-22 03:04:01] <analJesus> fuck you
[2018-07-22 03:04:04] <analJesus> nigger
[2018-07-22 03:04:07] <DetectiveTaco> Get out
[2018-07-22 03:04:19] <RayFlower> Snowflake!
[2018-07-22 03:04:31] <poutine> getting 2 edgy 4 me in here
[2018-07-22 03:04:39] <RayFlower> :O
[2018-07-22 03:04:59] <DetectiveTaco> Get out of this channel
[2018-07-22 03:05:15] <DetectiveTaco> Take your bullshit somewhere else
[2018-07-22 03:05:17] <analJesus> make me
[2018-07-22 03:05:45] <analJesus> how about you take YOUR bullshit somewhere else?
[2018-07-22 03:05:48] <DetectiveTaco> Mahjong:
[2018-07-22 03:06:03] <DetectiveTaco> This is the kind of times you need operators around in your channe
[2018-07-22 03:06:09] <RayFlower> Probably some misunderstood notion of free speech will keep you from being kicked
[2018-07-22 03:06:16] <analJesus> i'm cholby. i am freenode's greatest troll of all time
[2018-07-22 03:06:22] <analJesus> everybdoy knows me
[2018-07-22 03:06:29] <analJesus> who the fuck are you faggot!?
[2018-07-22 03:06:33] <RayFlower> cool
[2018-07-22 03:06:38] <analJesus> i invented the pussy slap
[2018-07-22 03:06:41] <analJesus> I INVENTED IT
[2018-07-22 03:06:44] * analJesus action slaps her pussy 
[2018-07-22 03:06:47] <DetectiveTaco> Thousand apologies
[2018-07-22 03:07:37] <analJesus> can i have a thousand ... say... DOLLARS?
[2018-07-22 03:07:37] <analJesus> that'd be pretty cool of you
[2018-07-22 03:07:46] <analJesus> considering you're literally aliens
[2018-07-22 03:07:50] <analJesus> literally
[2018-07-22 03:08:17] <analJesus> also you don't have to apolgoizre fr anything
[2018-07-22 03:08:20] <RayFlower> Guess you're up for some alien probe action then
[2018-07-22 03:08:43] <analJesus> oh God yes.
[2018-07-22 03:08:46] <analJesus> right up the ass
[2018-07-22 03:09:16] <RayFlower> Unfortunately such a procedure is not possible, seeing that that cavity is already preoccupied by a giant stick
[2018-07-22 03:09:46] <analJesus> well why don't you go on mumble
[2018-07-22 03:10:00] <analJesus> and PROVE that you're not a homosexual you fuckign faggots
[2018-07-22 03:10:07] <RayFlower> No one understands my paki accent
[2018-07-22 03:10:09] <analJesus> rayflower and DetectiveTaco
[2018-07-22 03:10:18] <DetectiveTaco> ?
[2018-07-22 03:11:09] <analJesus> shut the fuck up
[2018-07-22 03:12:31] <poutine> RayFlower, I thought you were indian
[2018-07-22 03:13:00] <poutine> pretty sure you're indian
[2018-07-22 03:13:06] <poutine> I'm going with it
[2018-07-22 03:14:02] <RayFlower> There isn't much of a difference
[2018-07-22 03:16:07] <analJesus> who wants to go on mumble
[2018-07-22 03:16:23] <analJesus> and meet drunk cholby
[2018-07-22 03:16:30] <analJesus> the narcicist
[2018-07-22 03:18:51] * NumberSix (~NumberSix@unaffiliated/numbersix) quit Quit: KVIrc 4.9.2 Aria http://www.kvirc.net/
[2018-07-22 03:19:50] * analJesus (b84bddb3@gateway/web/freenode/ip.184.75.221.179) quit K-Lin
